<?xml version="1.0" encoding="UTF-8"?>
<!-- Generated by org.testng.reporters.JUnitReportReporter -->
<testsuite hostname="Modhak" failures="0" tests="47" name="runner.Test_Runner" time="53.469" errors="0" timestamp="2024-03-08T12:52:07 EST" skipped="0">
  <testcase classname="runner.Test_Runner" name="runScenario" time="1.596"/>
  <testcase classname="runner.Test_Runner" name="runScenario" time="1.701"/>
  <testcase classname="runner.Test_Runner" name="runScenario" time="1.607"/>
  <testcase classname="runner.Test_Runner" name="runScenario" time="0.320"/>
  <testcase classname="runner.Test_Runner" name="runScenario" time="0.451"/>
  <testcase classname="runner.Test_Runner" name="runScenario" time="1.880"/>
  <testcase classname="runner.Test_Runner" name="runScenario" time="0.465"/>
  <testcase classname="runner.Test_Runner" name="runScenario" time="0.294"/>
  <testcase classname="runner.Test_Runner" name="runScenario" time="1.728"/>
  <testcase classname="runner.Test_Runner" name="runScenario" time="0.281"/>
  <testcase classname="runner.Test_Runner" name="runScenario" time="0.444"/>
  <testcase classname="runner.Test_Runner" name="runScenario" time="1.744"/>
  <testcase classname="runner.Test_Runner" name="runScenario" time="0.151"/>
  <testcase classname="runner.Test_Runner" name="runScenario" time="1.626"/>
  <testcase classname="runner.Test_Runner" name="runScenario" time="1.774"/>
  <testcase classname="runner.Test_Runner" name="runScenario" time="5.461"/>
  <testcase classname="runner.Test_Runner" name="runScenario" time="0.510"/>
  <testcase classname="runner.Test_Runner" name="runScenario" time="0.889"/>
  <testcase classname="runner.Test_Runner" name="runScenario" time="0.412"/>
  <testcase classname="runner.Test_Runner" name="runScenario" time="1.532"/>
  <testcase classname="runner.Test_Runner" name="runScenario" time="0.390"/>
  <testcase classname="runner.Test_Runner" name="runScenario" time="1.762"/>
  <testcase classname="runner.Test_Runner" name="runScenario" time="0.551"/>
  <testcase classname="runner.Test_Runner" name="runScenario" time="2.067"/>
  <testcase classname="runner.Test_Runner" name="runScenario" time="0.187"/>
  <testcase classname="runner.Test_Runner" name="runScenario" time="0.333"/>
  <testcase classname="runner.Test_Runner" name="runScenario" time="1.546"/>
  <testcase classname="runner.Test_Runner" name="runScenario" time="0.229"/>
  <testcase classname="runner.Test_Runner" name="runScenario" time="0.156"/>
  <testcase classname="runner.Test_Runner" name="runScenario" time="1.740"/>
  <testcase classname="runner.Test_Runner" name="runScenario" time="1.742"/>
  <testcase classname="runner.Test_Runner" name="runScenario" time="0.486"/>
  <testcase classname="runner.Test_Runner" name="runScenario" time="1.738"/>
  <testcase classname="runner.Test_Runner" name="runScenario" time="0.715"/>
  <testcase classname="runner.Test_Runner" name="runScenario" time="0.293"/>
  <testcase classname="runner.Test_Runner" name="runScenario" time="1.851"/>
  <testcase classname="runner.Test_Runner" name="runScenario" time="0.136"/>
  <testcase classname="runner.Test_Runner" name="runScenario" time="1.580"/>
  <testcase classname="runner.Test_Runner" name="runScenario" time="2.679"/>
  <testcase classname="runner.Test_Runner" name="runScenario" time="1.549"/>
  <testcase classname="runner.Test_Runner" name="runScenario" time="0.480"/>
  <testcase classname="runner.Test_Runner" name="runScenario" time="1.611"/>
  <testcase classname="runner.Test_Runner" name="runScenario" time="1.559"/>
  <testcase classname="runner.Test_Runner" name="runScenario" time="0.515"/>
  <testcase classname="runner.Test_Runner" name="runScenario" time="1.714"/>
  <testcase classname="runner.Test_Runner" name="runScenario" time="0.496"/>
  <testcase classname="runner.Test_Runner" name="runScenario" time="0.498"/>
</testsuite> <!-- runner.Test_Runner -->
